{"/Users/vitorhrds/Documents/Github/scrapping-tweets-smarteye/Discord_relay_node/src/utils/formatter.js": {"path":"/Users/vitorhrds/Documents/Github/scrapping-tweets-smarteye/Discord_relay_node/src/utils/formatter.js","statementMap":{"0":{"start":{"line":1,"column":25},"end":{"line":49,"column":1}},"1":{"start":{"line":2,"column":21},"end":{"line":2,"column":58}},"2":{"start":{"line":3,"column":26},"end":{"line":3,"column":65}},"3":{"start":{"line":4,"column":22},"end":{"line":4,"column":53}},"4":{"start":{"line":5,"column":20},"end":{"line":5,"column":41}},"5":{"start":{"line":6,"column":22},"end":{"line":6,"column":66}},"6":{"start":{"line":7,"column":28},"end":{"line":7,"column":116}},"7":{"start":{"line":9,"column":20},"end":{"line":9,"column":56}},"8":{"start":{"line":10,"column":4},"end":{"line":10,"column":48}},"9":{"start":{"line":11,"column":4},"end":{"line":11,"column":145}},"10":{"start":{"line":12,"column":4},"end":{"line":12,"column":59}},"11":{"start":{"line":13,"column":4},"end":{"line":13,"column":35}},"12":{"start":{"line":15,"column":4},"end":{"line":24,"column":5}},"13":{"start":{"line":16,"column":8},"end":{"line":16,"column":45}},"14":{"start":{"line":17,"column":8},"end":{"line":23,"column":11}},"15":{"start":{"line":18,"column":12},"end":{"line":22,"column":13}},"16":{"start":{"line":19,"column":16},"end":{"line":19,"column":77}},"17":{"start":{"line":21,"column":16},"end":{"line":21,"column":94}},"18":{"start":{"line":26,"column":4},"end":{"line":46,"column":5}},"19":{"start":{"line":27,"column":8},"end":{"line":27,"column":41}},"20":{"start":{"line":28,"column":8},"end":{"line":45,"column":11}},"21":{"start":{"line":29,"column":12},"end":{"line":29,"column":72}},"22":{"start":{"line":30,"column":12},"end":{"line":32,"column":13}},"23":{"start":{"line":31,"column":16},"end":{"line":31,"column":57}},"24":{"start":{"line":33,"column":12},"end":{"line":35,"column":13}},"25":{"start":{"line":34,"column":16},"end":{"line":34,"column":62}},"26":{"start":{"line":36,"column":12},"end":{"line":38,"column":13}},"27":{"start":{"line":37,"column":16},"end":{"line":37,"column":74}},"28":{"start":{"line":39,"column":12},"end":{"line":41,"column":13}},"29":{"start":{"line":40,"column":16},"end":{"line":40,"column":76}},"30":{"start":{"line":42,"column":12},"end":{"line":44,"column":13}},"31":{"start":{"line":43,"column":16},"end":{"line":43,"column":178}},"32":{"start":{"line":48,"column":4},"end":{"line":48,"column":21}}},"fnMap":{"0":{"name":"(anonymous_0)","decl":{"start":{"line":1,"column":25},"end":{"line":1,"column":26}},"loc":{"start":{"line":1,"column":38},"end":{"line":49,"column":1}},"line":1},"1":{"name":"(anonymous_1)","decl":{"start":{"line":17,"column":36},"end":{"line":17,"column":37}},"loc":{"start":{"line":17,"column":59},"end":{"line":23,"column":9}},"line":17},"2":{"name":"(anonymous_2)","decl":{"start":{"line":28,"column":31},"end":{"line":28,"column":32}},"loc":{"start":{"line":28,"column":42},"end":{"line":45,"column":9}},"line":28}},"branchMap":{"0":{"loc":{"start":{"line":2,"column":21},"end":{"line":2,"column":58}},"type":"binary-expr","locations":[{"start":{"line":2,"column":21},"end":{"line":2,"column":45}},{"start":{"line":2,"column":49},"end":{"line":2,"column":58}}],"line":2},"1":{"loc":{"start":{"line":3,"column":26},"end":{"line":3,"column":65}},"type":"binary-expr","locations":[{"start":{"line":3,"column":26},"end":{"line":3,"column":55}},{"start":{"line":3,"column":59},"end":{"line":3,"column":65}}],"line":3},"2":{"loc":{"start":{"line":4,"column":22},"end":{"line":4,"column":53}},"type":"binary-expr","locations":[{"start":{"line":4,"column":22},"end":{"line":4,"column":40}},{"start":{"line":4,"column":44},"end":{"line":4,"column":53}}],"line":4},"3":{"loc":{"start":{"line":5,"column":20},"end":{"line":5,"column":41}},"type":"binary-expr","locations":[{"start":{"line":5,"column":20},"end":{"line":5,"column":35}},{"start":{"line":5,"column":39},"end":{"line":5,"column":41}}],"line":5},"4":{"loc":{"start":{"line":7,"column":28},"end":{"line":7,"column":116}},"type":"cond-expr","locations":[{"start":{"line":7,"column":55},"end":{"line":7,"column":106}},{"start":{"line":7,"column":109},"end":{"line":7,"column":116}}],"line":7},"5":{"loc":{"start":{"line":15,"column":4},"end":{"line":24,"column":5}},"type":"if","locations":[{"start":{"line":15,"column":4},"end":{"line":24,"column":5}},{"start":{},"end":{}}],"line":15},"6":{"loc":{"start":{"line":15,"column":8},"end":{"line":15,"column":61}},"type":"binary-expr","locations":[{"start":{"line":15,"column":8},"end":{"line":15,"column":27}},{"start":{"line":15,"column":31},"end":{"line":15,"column":61}}],"line":15},"7":{"loc":{"start":{"line":18,"column":12},"end":{"line":22,"column":13}},"type":"if","locations":[{"start":{"line":18,"column":12},"end":{"line":22,"column":13}},{"start":{"line":20,"column":19},"end":{"line":22,"column":13}}],"line":18},"8":{"loc":{"start":{"line":18,"column":16},"end":{"line":18,"column":87}},"type":"binary-expr","locations":[{"start":{"line":18,"column":16},"end":{"line":18,"column":39}},{"start":{"line":18,"column":43},"end":{"line":18,"column":87}}],"line":18},"9":{"loc":{"start":{"line":26,"column":4},"end":{"line":46,"column":5}},"type":"if","locations":[{"start":{"line":26,"column":4},"end":{"line":46,"column":5}},{"start":{},"end":{}}],"line":26},"10":{"loc":{"start":{"line":26,"column":8},"end":{"line":26,"column":51}},"type":"binary-expr","locations":[{"start":{"line":26,"column":8},"end":{"line":26,"column":22}},{"start":{"line":26,"column":26},"end":{"line":26,"column":51}}],"line":26},"11":{"loc":{"start":{"line":29,"column":33},"end":{"line":29,"column":65}},"type":"binary-expr","locations":[{"start":{"line":29,"column":33},"end":{"line":29,"column":51}},{"start":{"line":29,"column":55},"end":{"line":29,"column":65}}],"line":29},"12":{"loc":{"start":{"line":30,"column":12},"end":{"line":32,"column":13}},"type":"if","locations":[{"start":{"line":30,"column":12},"end":{"line":32,"column":13}},{"start":{},"end":{}}],"line":30},"13":{"loc":{"start":{"line":33,"column":12},"end":{"line":35,"column":13}},"type":"if","locations":[{"start":{"line":33,"column":12},"end":{"line":35,"column":13}},{"start":{},"end":{}}],"line":33},"14":{"loc":{"start":{"line":36,"column":12},"end":{"line":38,"column":13}},"type":"if","locations":[{"start":{"line":36,"column":12},"end":{"line":38,"column":13}},{"start":{},"end":{}}],"line":36},"15":{"loc":{"start":{"line":39,"column":12},"end":{"line":41,"column":13}},"type":"if","locations":[{"start":{"line":39,"column":12},"end":{"line":41,"column":13}},{"start":{},"end":{}}],"line":39},"16":{"loc":{"start":{"line":42,"column":12},"end":{"line":44,"column":13}},"type":"if","locations":[{"start":{"line":42,"column":12},"end":{"line":44,"column":13}},{"start":{},"end":{}}],"line":42}},"s":{"0":1,"1":2,"2":2,"3":2,"4":2,"5":2,"6":2,"7":2,"8":2,"9":2,"10":2,"11":2,"12":2,"13":1,"14":1,"15":1,"16":1,"17":0,"18":2,"19":0,"20":0,"21":0,"22":0,"23":0,"24":0,"25":0,"26":0,"27":0,"28":0,"29":0,"30":0,"31":0,"32":2},"f":{"0":2,"1":1,"2":0},"b":{"0":[2,0],"1":[2,0],"2":[2,0],"3":[2,0],"4":[0,2],"5":[1,1],"6":[2,2],"7":[1,0],"8":[1,1],"9":[0,2],"10":[2,2],"11":[0,0],"12":[0,0],"13":[0,0],"14":[0,0],"15":[0,0],"16":[0,0]},"_coverageSchema":"1a1c01bbd47fc00a2c39e90264f33305004495a9","hash":"b97913fe991a825fb31c0bfd1160cc0070a8846d"}
}
