TN:
SF:src/utils/formatter.js
FN:1,(anonymous_0)
FN:17,(anonymous_1)
FN:28,(anonymous_2)
FNF:3
FNH:2
FNDA:2,(anonymous_0)
FNDA:1,(anonymous_1)
FNDA:0,(anonymous_2)
DA:1,1
DA:2,2
DA:3,2
DA:4,2
DA:5,2
DA:6,2
DA:7,2
DA:9,2
DA:10,2
DA:11,2
DA:12,2
DA:13,2
DA:15,2
DA:16,1
DA:17,1
DA:18,1
DA:19,1
DA:21,0
DA:26,2
DA:27,0
DA:28,0
DA:29,0
DA:30,0
DA:31,0
DA:33,0
DA:34,0
DA:36,0
DA:37,0
DA:39,0
DA:40,0
DA:42,0
DA:43,0
DA:48,2
LF:33
LH:19
BRDA:2,0,0,2
BRDA:2,0,1,0
BRDA:3,1,0,2
BRDA:3,1,1,0
BRDA:4,2,0,2
BRDA:4,2,1,0
BRDA:5,3,0,2
BRDA:5,3,1,0
BRDA:7,4,0,0
BRDA:7,4,1,2
BRDA:15,5,0,1
BRDA:15,5,1,1
BRDA:15,6,0,2
BRDA:15,6,1,2
BRDA:18,7,0,1
BRDA:18,7,1,0
BRDA:18,8,0,1
BRDA:18,8,1,1
BRDA:26,9,0,0
BRDA:26,9,1,2
BRDA:26,10,0,2
BRDA:26,10,1,2
BRDA:29,11,0,0
BRDA:29,11,1,0
BRDA:30,12,0,0
BRDA:30,12,1,0
BRDA:33,13,0,0
BRDA:33,13,1,0
BRDA:36,14,0,0
BRDA:36,14,1,0
BRDA:39,15,0,0
BRDA:39,15,1,0
BRDA:42,16,0,0
BRDA:42,16,1,0
BRF:34
BRH:15
end_of_record
